2025-04-15T02:52:24+00:00 ERROR Error getting data feed
2025-04-15T02:52:25+00:00 ERROR WP_Error Object
(
    [errors] => Array
        (
            [http_request_failed] => Array
                (
                    [0] => cURL error 35: OpenSSL/3.1.3: error:0A00010B:SSL routines::wrong version number
                )

        )

    [error_data] => Array
        (
        )

    [additional_data:protected] => Array
        (
        )

)

2025-04-15T02:52:25+00:00 ERROR WP_Error Object
(
    [errors] => Array
        (
            [http_request_failed] => Array
                (
                    [0] => cURL error 35: OpenSSL/3.1.3: error:0A00010B:SSL routines::wrong version number
                )

        )

    [error_data] => Array
        (
        )

    [additional_data:protected] => Array
        (
        )

)

